<?xml version="1.0" encoding="UTF-8"?>
<testng-results ignored="0" total="10" passed="8" failed="2" skipped="0">
  <reporter-output>
  </reporter-output>
  <suite started-at="2022-11-19T10:44:24 IST" name="Suite" finished-at="2022-11-19T10:49:13 IST" duration-ms="289795">
    <groups>
    </groups>
    <test started-at="2022-11-19T10:44:24 IST" name="Test" finished-at="2022-11-19T10:49:13 IST" duration-ms="289795">
      <class name="com.test.Loginpagetest">
        <test-method is-config="true" signature="triggerDriver()[pri:0, instance:com.test.Loginpagetest@245a26e1]" started-at="2022-11-19T10:46:54 IST" name="triggerDriver" finished-at="2022-11-19T10:46:57 IST" duration-ms="3384" status="PASS">
          <reporter-output>
          </reporter-output>
        </test-method> <!-- triggerDriver -->
        <test-method signature="validLoginPagewithConfigDataTest()[pri:1, instance:com.test.Loginpagetest@245a26e1]" started-at="2022-11-19T10:46:57 IST" name="validLoginPagewithConfigDataTest" finished-at="2022-11-19T10:47:03 IST" duration-ms="6047" status="PASS">
          <reporter-output>
          </reporter-output>
        </test-method> <!-- validLoginPagewithConfigDataTest -->
        <test-method is-config="true" signature="terminateDriver()[pri:0, instance:com.test.Loginpagetest@245a26e1]" started-at="2022-11-19T10:47:03 IST" name="terminateDriver" finished-at="2022-11-19T10:47:06 IST" duration-ms="3170" status="PASS">
          <reporter-output>
          </reporter-output>
        </test-method> <!-- terminateDriver -->
        <test-method is-config="true" signature="triggerDriver()[pri:0, instance:com.test.Loginpagetest@245a26e1]" started-at="2022-11-19T10:47:06 IST" name="triggerDriver" finished-at="2022-11-19T10:47:12 IST" duration-ms="5487" status="PASS">
          <reporter-output>
          </reporter-output>
        </test-method> <!-- triggerDriver -->
        <test-method signature="validLoginPageWithXlsxDataTest()[pri:2, instance:com.test.Loginpagetest@245a26e1]" started-at="2022-11-19T10:47:12 IST" name="validLoginPageWithXlsxDataTest" finished-at="2022-11-19T10:47:21 IST" duration-ms="9396" status="PASS">
          <reporter-output>
          </reporter-output>
        </test-method> <!-- validLoginPageWithXlsxDataTest -->
        <test-method is-config="true" signature="terminateDriver()[pri:0, instance:com.test.Loginpagetest@245a26e1]" started-at="2022-11-19T10:47:21 IST" name="terminateDriver" finished-at="2022-11-19T10:47:40 IST" duration-ms="19265" status="PASS">
          <reporter-output>
          </reporter-output>
        </test-method> <!-- terminateDriver -->
      </class> <!-- com.test.Loginpagetest -->
      <class name="com.test.Browser">
        <test-method is-config="true" signature="triggerDriver()[pri:0, instance:com.test.Browser@617fe9e1]" started-at="2022-11-19T10:44:24 IST" name="triggerDriver" finished-at="2022-11-19T10:44:29 IST" duration-ms="5062" status="PASS">
          <reporter-output>
          </reporter-output>
        </test-method> <!-- triggerDriver -->
        <test-method signature="Login()[pri:0, instance:com.test.Browser@617fe9e1]" started-at="2022-11-19T10:44:29 IST" name="Login" finished-at="2022-11-19T10:44:30 IST" duration-ms="1709" status="PASS">
          <reporter-output>
          </reporter-output>
        </test-method> <!-- Login -->
        <test-method is-config="true" signature="terminateDriver()[pri:0, instance:com.test.Browser@617fe9e1]" started-at="2022-11-19T10:44:31 IST" name="terminateDriver" finished-at="2022-11-19T10:44:38 IST" duration-ms="7157" status="PASS">
          <reporter-output>
          </reporter-output>
        </test-method> <!-- terminateDriver -->
      </class> <!-- com.test.Browser -->
      <class name="com.test.FindFriendTest">
        <test-method is-config="true" signature="triggerDriver()[pri:0, instance:com.test.FindFriendTest@3af4e0bf]" started-at="2022-11-19T10:46:44 IST" name="triggerDriver" finished-at="2022-11-19T10:46:47 IST" duration-ms="3404" status="PASS">
          <reporter-output>
          </reporter-output>
        </test-method> <!-- triggerDriver -->
        <test-method signature="FriendFindPost()[pri:0, instance:com.test.FindFriendTest@3af4e0bf]" started-at="2022-11-19T10:46:47 IST" name="FriendFindPost" finished-at="2022-11-19T10:46:54 IST" duration-ms="6267" status="PASS">
          <reporter-output>
          </reporter-output>
        </test-method> <!-- FriendFindPost -->
      </class> <!-- com.test.FindFriendTest -->
      <class name="com.test.MarketPlaceTest">
        <test-method is-config="true" signature="triggerDriver()[pri:0, instance:com.test.MarketPlaceTest@6970140a]" started-at="2022-11-19T10:44:38 IST" name="triggerDriver" finished-at="2022-11-19T10:44:41 IST" duration-ms="3469" status="PASS">
          <reporter-output>
          </reporter-output>
        </test-method> <!-- triggerDriver -->
        <test-method signature="MarketPlacePost()[pri:0, instance:com.test.MarketPlaceTest@6970140a]" started-at="2022-11-19T10:44:41 IST" name="MarketPlacePost" finished-at="2022-11-19T10:44:48 IST" duration-ms="6931" status="PASS">
          <reporter-output>
          </reporter-output>
        </test-method> <!-- MarketPlacePost -->
        <test-method is-config="true" signature="terminateDriver()[pri:0, instance:com.test.MarketPlaceTest@6970140a]" started-at="2022-11-19T10:44:48 IST" name="terminateDriver" finished-at="2022-11-19T10:44:55 IST" duration-ms="7158" status="PASS">
          <reporter-output>
          </reporter-output>
        </test-method> <!-- terminateDriver -->
      </class> <!-- com.test.MarketPlaceTest -->
      <class name="com.test.HomepageTest">
        <test-method is-config="true" signature="triggerDriver()[pri:0, instance:com.test.HomepageTest@1cf2fed4]" started-at="2022-11-19T10:44:55 IST" name="triggerDriver" finished-at="2022-11-19T10:44:59 IST" duration-ms="4045" status="PASS">
          <reporter-output>
          </reporter-output>
        </test-method> <!-- triggerDriver -->
        <test-method signature="Status()[pri:0, instance:com.test.HomepageTest@1cf2fed4]" started-at="2022-11-19T10:44:59 IST" name="Status" finished-at="2022-11-19T10:45:08 IST" duration-ms="8943" status="FAIL">
          <exception class="org.openqa.selenium.ElementClickInterceptedException">
            <message>
              <![CDATA[element click intercepted: Element <a aria-current="page" aria-label="Home" class="x1i10hfl xjbqb8w x6umtig x1b1mbwd xaqea5y xav7gou x9f619 x1ypdohk xe8uvvx xdj266r x11i5rnm xat24cr x1mh8g0r xexx8yu x4uap5 x18d9i69 xkhd6sd x16tdsg8 x1hl2dhg xggy1nq x1o1ewxj x3x9cwd x1e5q0jg x13rtm0m x87ps6o x1lku1pv x1a2a7pz x6s0dn4 x78zum5 xdt5ytf x5yr21d xl56j7k x1n2onr6 xh8yej3" href="/" role="link" tabindex="0">...</a> is not clickable at point (554, 28). Other element would receive the click: <div class="x1uvtmcs x4k7w5x x1h91t0o x1beo9mf xaigb6o x12ejxvf x3igimt xarpa2k xedcshv x1lytzrv x1t2pt76 x7ja8zs x1n2onr6 x1qrby5j x1jfb8zj" tabindex="-1">...</div>
  (Session info: chrome=107.0.5304.107)
Build info: version: '3.141.59', revision: 'e82be7d358', time: '2018-11-14T08:17:03'
System info: host: 'ADESHBARBADE', ip: '192.168.43.253', os.name: 'Windows 10', os.arch: 'amd64', os.version: '10.0', java.version: '11.0.13'
Driver info: org.openqa.selenium.chrome.ChromeDriver
Capabilities {acceptInsecureCerts: false, browserName: chrome, browserVersion: 107.0.5304.107, chrome: {chromedriverVersion: 107.0.5304.62 (1eec40d3a576..., userDataDir: C:\Users\91762\AppData\Loca...}, goog:chromeOptions: {debuggerAddress: localhost:55929}, javascriptEnabled: true, networkConnectionEnabled: false, pageLoadStrategy: normal, platform: WINDOWS, platformName: WINDOWS, proxy: Proxy(), setWindowRect: true, strictFileInteractability: false, timeouts: {implicit: 0, pageLoad: 300000, script: 30000}, unhandledPromptBehavior: dismiss and notify, webauthn:extension:credBlob: true, webauthn:extension:largeBlob: true, webauthn:virtualAuthenticators: true}
Session ID: 2efc9d9c7ca19e37285236d7c3013ca5]]>
            </message>
            <full-stacktrace>
              <![CDATA[org.openqa.selenium.ElementClickInterceptedException: element click intercepted: Element <a aria-current="page" aria-label="Home" class="x1i10hfl xjbqb8w x6umtig x1b1mbwd xaqea5y xav7gou x9f619 x1ypdohk xe8uvvx xdj266r x11i5rnm xat24cr x1mh8g0r xexx8yu x4uap5 x18d9i69 xkhd6sd x16tdsg8 x1hl2dhg xggy1nq x1o1ewxj x3x9cwd x1e5q0jg x13rtm0m x87ps6o x1lku1pv x1a2a7pz x6s0dn4 x78zum5 xdt5ytf x5yr21d xl56j7k x1n2onr6 xh8yej3" href="/" role="link" tabindex="0">...</a> is not clickable at point (554, 28). Other element would receive the click: <div class="x1uvtmcs x4k7w5x x1h91t0o x1beo9mf xaigb6o x12ejxvf x3igimt xarpa2k xedcshv x1lytzrv x1t2pt76 x7ja8zs x1n2onr6 x1qrby5j x1jfb8zj" tabindex="-1">...</div>
  (Session info: chrome=107.0.5304.107)
Build info: version: '3.141.59', revision: 'e82be7d358', time: '2018-11-14T08:17:03'
System info: host: 'ADESHBARBADE', ip: '192.168.43.253', os.name: 'Windows 10', os.arch: 'amd64', os.version: '10.0', java.version: '11.0.13'
Driver info: org.openqa.selenium.chrome.ChromeDriver
Capabilities {acceptInsecureCerts: false, browserName: chrome, browserVersion: 107.0.5304.107, chrome: {chromedriverVersion: 107.0.5304.62 (1eec40d3a576..., userDataDir: C:\Users\91762\AppData\Loca...}, goog:chromeOptions: {debuggerAddress: localhost:55929}, javascriptEnabled: true, networkConnectionEnabled: false, pageLoadStrategy: normal, platform: WINDOWS, platformName: WINDOWS, proxy: Proxy(), setWindowRect: true, strictFileInteractability: false, timeouts: {implicit: 0, pageLoad: 300000, script: 30000}, unhandledPromptBehavior: dismiss and notify, webauthn:extension:credBlob: true, webauthn:extension:largeBlob: true, webauthn:virtualAuthenticators: true}
Session ID: 2efc9d9c7ca19e37285236d7c3013ca5
at java.base/jdk.internal.reflect.NativeConstructorAccessorImpl.newInstance0(Native Method)
at java.base/jdk.internal.reflect.NativeConstructorAccessorImpl.newInstance(NativeConstructorAccessorImpl.java:62)
at java.base/jdk.internal.reflect.DelegatingConstructorAccessorImpl.newInstance(DelegatingConstructorAccessorImpl.java:45)
at java.base/java.lang.reflect.Constructor.newInstance(Constructor.java:490)
at org.openqa.selenium.remote.http.W3CHttpResponseCodec.createException(W3CHttpResponseCodec.java:187)
at org.openqa.selenium.remote.http.W3CHttpResponseCodec.decode(W3CHttpResponseCodec.java:122)
at org.openqa.selenium.remote.http.W3CHttpResponseCodec.decode(W3CHttpResponseCodec.java:49)
at org.openqa.selenium.remote.HttpCommandExecutor.execute(HttpCommandExecutor.java:158)
at org.openqa.selenium.remote.service.DriverCommandExecutor.execute(DriverCommandExecutor.java:83)
at org.openqa.selenium.remote.RemoteWebDriver.execute(RemoteWebDriver.java:552)
at org.openqa.selenium.remote.RemoteWebElement.execute(RemoteWebElement.java:285)
at org.openqa.selenium.remote.RemoteWebElement.click(RemoteWebElement.java:84)
at java.base/jdk.internal.reflect.NativeMethodAccessorImpl.invoke0(Native Method)
at java.base/jdk.internal.reflect.NativeMethodAccessorImpl.invoke(NativeMethodAccessorImpl.java:62)
at java.base/jdk.internal.reflect.DelegatingMethodAccessorImpl.invoke(DelegatingMethodAccessorImpl.java:43)
at java.base/java.lang.reflect.Method.invoke(Method.java:566)
at org.openqa.selenium.support.pagefactory.internal.LocatingElementHandler.invoke(LocatingElementHandler.java:51)
at com.sun.proxy.$Proxy21.click(Unknown Source)
at com.pages.HomePage.userTextPost(HomePage.java:73)
at com.test.HomepageTest.Status(HomepageTest.java:58)
at java.base/jdk.internal.reflect.NativeMethodAccessorImpl.invoke0(Native Method)
at java.base/jdk.internal.reflect.NativeMethodAccessorImpl.invoke(NativeMethodAccessorImpl.java:62)
at java.base/jdk.internal.reflect.DelegatingMethodAccessorImpl.invoke(DelegatingMethodAccessorImpl.java:43)
at java.base/java.lang.reflect.Method.invoke(Method.java:566)
at org.testng.internal.MethodInvocationHelper.invokeMethod(MethodInvocationHelper.java:134)
at org.testng.internal.TestInvoker.invokeMethod(TestInvoker.java:597)
at org.testng.internal.TestInvoker.invokeTestMethod(TestInvoker.java:173)
at org.testng.internal.MethodRunner.runInSequence(MethodRunner.java:46)
at org.testng.internal.TestInvoker$MethodInvocationAgent.invoke(TestInvoker.java:816)
at org.testng.internal.TestInvoker.invokeTestMethods(TestInvoker.java:146)
at org.testng.internal.TestMethodWorker.invokeTestMethods(TestMethodWorker.java:146)
at org.testng.internal.TestMethodWorker.run(TestMethodWorker.java:128)
at java.base/java.util.ArrayList.forEach(ArrayList.java:1541)
at org.testng.TestRunner.privateRun(TestRunner.java:766)
at org.testng.TestRunner.run(TestRunner.java:587)
at org.testng.SuiteRunner.runTest(SuiteRunner.java:384)
at org.testng.SuiteRunner.runSequentially(SuiteRunner.java:378)
at org.testng.SuiteRunner.privateRun(SuiteRunner.java:337)
at org.testng.SuiteRunner.run(SuiteRunner.java:286)
at org.testng.SuiteRunnerWorker.runSuite(SuiteRunnerWorker.java:53)
at org.testng.SuiteRunnerWorker.run(SuiteRunnerWorker.java:96)
at org.testng.TestNG.runSuitesSequentially(TestNG.java:1187)
at org.testng.TestNG.runSuitesLocally(TestNG.java:1109)
at org.testng.TestNG.runSuites(TestNG.java:1039)
at org.testng.TestNG.run(TestNG.java:1007)
at org.testng.remote.AbstractRemoteTestNG.run(AbstractRemoteTestNG.java:115)
at org.testng.remote.RemoteTestNG.initAndRun(RemoteTestNG.java:251)
at org.testng.remote.RemoteTestNG.main(RemoteTestNG.java:77)
]]>
            </full-stacktrace>
          </exception> <!-- org.openqa.selenium.ElementClickInterceptedException -->
          <reporter-output>
          </reporter-output>
        </test-method> <!-- Status -->
        <test-method is-config="true" signature="terminateDriver()[pri:0, instance:com.test.HomepageTest@1cf2fed4]" started-at="2022-11-19T10:45:08 IST" name="terminateDriver" finished-at="2022-11-19T10:45:12 IST" duration-ms="3179" status="PASS">
          <reporter-output>
          </reporter-output>
        </test-method> <!-- terminateDriver -->
        <test-method is-config="true" signature="triggerDriver()[pri:0, instance:com.test.HomepageTest@1cf2fed4]" started-at="2022-11-19T10:45:12 IST" name="triggerDriver" finished-at="2022-11-19T10:45:15 IST" duration-ms="3139" status="PASS">
          <reporter-output>
          </reporter-output>
        </test-method> <!-- triggerDriver -->
        <test-method signature="UploadProfilevideo()[pri:0, instance:com.test.HomepageTest@1cf2fed4]" started-at="2022-11-19T10:45:15 IST" name="UploadProfilevideo" finished-at="2022-11-19T10:46:41 IST" duration-ms="85966" status="PASS">
          <reporter-output>
          </reporter-output>
        </test-method> <!-- UploadProfilevideo -->
        <test-method is-config="true" signature="terminateDriver()[pri:0, instance:com.test.HomepageTest@1cf2fed4]" started-at="2022-11-19T10:46:41 IST" name="terminateDriver" finished-at="2022-11-19T10:46:44 IST" duration-ms="3204" status="PASS">
          <reporter-output>
          </reporter-output>
        </test-method> <!-- terminateDriver -->
      </class> <!-- com.test.HomepageTest -->
      <class name="com.test.ProfilePageTest">
        <test-method is-config="true" signature="triggerDriver()[pri:0, instance:com.test.ProfilePageTest@4d63b624]" started-at="2022-11-19T10:47:40 IST" name="triggerDriver" finished-at="2022-11-19T10:47:44 IST" duration-ms="3798" status="PASS">
          <reporter-output>
          </reporter-output>
        </test-method> <!-- triggerDriver -->
        <test-method signature="UploadProfileImage()[pri:0, instance:com.test.ProfilePageTest@4d63b624]" started-at="2022-11-19T10:47:44 IST" name="UploadProfileImage" finished-at="2022-11-19T10:47:51 IST" duration-ms="6895" status="PASS">
          <reporter-output>
          </reporter-output>
        </test-method> <!-- UploadProfileImage -->
        <test-method is-config="true" signature="terminateDriver()[pri:0, instance:com.test.ProfilePageTest@4d63b624]" started-at="2022-11-19T10:47:51 IST" name="terminateDriver" finished-at="2022-11-19T10:47:54 IST" duration-ms="3207" status="PASS">
          <reporter-output>
          </reporter-output>
        </test-method> <!-- terminateDriver -->
        <test-method is-config="true" signature="triggerDriver()[pri:0, instance:com.test.ProfilePageTest@4d63b624]" started-at="2022-11-19T10:47:54 IST" name="triggerDriver" finished-at="2022-11-19T10:47:59 IST" duration-ms="4627" status="PASS">
          <reporter-output>
          </reporter-output>
        </test-method> <!-- triggerDriver -->
        <test-method signature="commentpost()[pri:0, instance:com.test.ProfilePageTest@4d63b624]" started-at="2022-11-19T10:47:59 IST" name="commentpost" finished-at="2022-11-19T10:48:26 IST" duration-ms="27293" status="FAIL">
          <exception class="org.openqa.selenium.StaleElementReferenceException">
            <message>
              <![CDATA[stale element reference: element is not attached to the page document
  (Session info: chrome=107.0.5304.107)
For documentation on this error, please visit: https://www.seleniumhq.org/exceptions/stale_element_reference.html
Build info: version: '3.141.59', revision: 'e82be7d358', time: '2018-11-14T08:17:03'
System info: host: 'ADESHBARBADE', ip: '192.168.43.253', os.name: 'Windows 10', os.arch: 'amd64', os.version: '10.0', java.version: '11.0.13'
Driver info: org.openqa.selenium.chrome.ChromeDriver
Capabilities {acceptInsecureCerts: false, browserName: chrome, browserVersion: 107.0.5304.107, chrome: {chromedriverVersion: 107.0.5304.62 (1eec40d3a576..., userDataDir: C:\Users\91762\AppData\Loca...}, goog:chromeOptions: {debuggerAddress: localhost:56229}, javascriptEnabled: true, networkConnectionEnabled: false, pageLoadStrategy: normal, platform: WINDOWS, platformName: WINDOWS, proxy: Proxy(), setWindowRect: true, strictFileInteractability: false, timeouts: {implicit: 0, pageLoad: 300000, script: 30000}, unhandledPromptBehavior: dismiss and notify, webauthn:extension:credBlob: true, webauthn:extension:largeBlob: true, webauthn:virtualAuthenticators: true}
Session ID: 4619fc0100074efcbb96c692d3f57bb6]]>
            </message>
            <full-stacktrace>
              <![CDATA[org.openqa.selenium.StaleElementReferenceException: stale element reference: element is not attached to the page document
  (Session info: chrome=107.0.5304.107)
For documentation on this error, please visit: https://www.seleniumhq.org/exceptions/stale_element_reference.html
Build info: version: '3.141.59', revision: 'e82be7d358', time: '2018-11-14T08:17:03'
System info: host: 'ADESHBARBADE', ip: '192.168.43.253', os.name: 'Windows 10', os.arch: 'amd64', os.version: '10.0', java.version: '11.0.13'
Driver info: org.openqa.selenium.chrome.ChromeDriver
Capabilities {acceptInsecureCerts: false, browserName: chrome, browserVersion: 107.0.5304.107, chrome: {chromedriverVersion: 107.0.5304.62 (1eec40d3a576..., userDataDir: C:\Users\91762\AppData\Loca...}, goog:chromeOptions: {debuggerAddress: localhost:56229}, javascriptEnabled: true, networkConnectionEnabled: false, pageLoadStrategy: normal, platform: WINDOWS, platformName: WINDOWS, proxy: Proxy(), setWindowRect: true, strictFileInteractability: false, timeouts: {implicit: 0, pageLoad: 300000, script: 30000}, unhandledPromptBehavior: dismiss and notify, webauthn:extension:credBlob: true, webauthn:extension:largeBlob: true, webauthn:virtualAuthenticators: true}
Session ID: 4619fc0100074efcbb96c692d3f57bb6
at java.base/jdk.internal.reflect.NativeConstructorAccessorImpl.newInstance0(Native Method)
at java.base/jdk.internal.reflect.NativeConstructorAccessorImpl.newInstance(NativeConstructorAccessorImpl.java:62)
at java.base/jdk.internal.reflect.DelegatingConstructorAccessorImpl.newInstance(DelegatingConstructorAccessorImpl.java:45)
at java.base/java.lang.reflect.Constructor.newInstance(Constructor.java:490)
at org.openqa.selenium.remote.http.W3CHttpResponseCodec.createException(W3CHttpResponseCodec.java:187)
at org.openqa.selenium.remote.http.W3CHttpResponseCodec.decode(W3CHttpResponseCodec.java:122)
at org.openqa.selenium.remote.http.W3CHttpResponseCodec.decode(W3CHttpResponseCodec.java:49)
at org.openqa.selenium.remote.HttpCommandExecutor.execute(HttpCommandExecutor.java:158)
at org.openqa.selenium.remote.service.DriverCommandExecutor.execute(DriverCommandExecutor.java:83)
at org.openqa.selenium.remote.RemoteWebDriver.execute(RemoteWebDriver.java:552)
at org.openqa.selenium.remote.RemoteWebElement.execute(RemoteWebElement.java:285)
at org.openqa.selenium.remote.RemoteWebElement.isDisplayed(RemoteWebElement.java:326)
at jdk.internal.reflect.GeneratedMethodAccessor11.invoke(Unknown Source)
at java.base/jdk.internal.reflect.DelegatingMethodAccessorImpl.invoke(DelegatingMethodAccessorImpl.java:43)
at java.base/java.lang.reflect.Method.invoke(Method.java:566)
at org.openqa.selenium.support.pagefactory.internal.LocatingElementHandler.invoke(LocatingElementHandler.java:51)
at com.sun.proxy.$Proxy21.isDisplayed(Unknown Source)
at org.openqa.selenium.support.ui.ExpectedConditions.elementIfVisible(ExpectedConditions.java:314)
at org.openqa.selenium.support.ui.ExpectedConditions.access$000(ExpectedConditions.java:43)
at org.openqa.selenium.support.ui.ExpectedConditions$10.apply(ExpectedConditions.java:300)
at org.openqa.selenium.support.ui.ExpectedConditions$10.apply(ExpectedConditions.java:297)
at org.openqa.selenium.support.ui.ExpectedConditions$23.apply(ExpectedConditions.java:670)
at org.openqa.selenium.support.ui.ExpectedConditions$23.apply(ExpectedConditions.java:666)
at org.openqa.selenium.support.ui.FluentWait.until(FluentWait.java:249)
at com.pages.ProfilePage.comment(ProfilePage.java:100)
at com.test.ProfilePageTest.commentpost(ProfilePageTest.java:75)
at java.base/jdk.internal.reflect.NativeMethodAccessorImpl.invoke0(Native Method)
at java.base/jdk.internal.reflect.NativeMethodAccessorImpl.invoke(NativeMethodAccessorImpl.java:62)
at java.base/jdk.internal.reflect.DelegatingMethodAccessorImpl.invoke(DelegatingMethodAccessorImpl.java:43)
at java.base/java.lang.reflect.Method.invoke(Method.java:566)
at org.testng.internal.MethodInvocationHelper.invokeMethod(MethodInvocationHelper.java:134)
at org.testng.internal.TestInvoker.invokeMethod(TestInvoker.java:597)
at org.testng.internal.TestInvoker.invokeTestMethod(TestInvoker.java:173)
at org.testng.internal.MethodRunner.runInSequence(MethodRunner.java:46)
at org.testng.internal.TestInvoker$MethodInvocationAgent.invoke(TestInvoker.java:816)
at org.testng.internal.TestInvoker.invokeTestMethods(TestInvoker.java:146)
at org.testng.internal.TestMethodWorker.invokeTestMethods(TestMethodWorker.java:146)
at org.testng.internal.TestMethodWorker.run(TestMethodWorker.java:128)
at java.base/java.util.ArrayList.forEach(ArrayList.java:1541)
at org.testng.TestRunner.privateRun(TestRunner.java:766)
at org.testng.TestRunner.run(TestRunner.java:587)
at org.testng.SuiteRunner.runTest(SuiteRunner.java:384)
at org.testng.SuiteRunner.runSequentially(SuiteRunner.java:378)
at org.testng.SuiteRunner.privateRun(SuiteRunner.java:337)
at org.testng.SuiteRunner.run(SuiteRunner.java:286)
at org.testng.SuiteRunnerWorker.runSuite(SuiteRunnerWorker.java:53)
at org.testng.SuiteRunnerWorker.run(SuiteRunnerWorker.java:96)
at org.testng.TestNG.runSuitesSequentially(TestNG.java:1187)
at org.testng.TestNG.runSuitesLocally(TestNG.java:1109)
at org.testng.TestNG.runSuites(TestNG.java:1039)
at org.testng.TestNG.run(TestNG.java:1007)
at org.testng.remote.AbstractRemoteTestNG.run(AbstractRemoteTestNG.java:115)
at org.testng.remote.RemoteTestNG.initAndRun(RemoteTestNG.java:251)
at org.testng.remote.RemoteTestNG.main(RemoteTestNG.java:77)
]]>
            </full-stacktrace>
          </exception> <!-- org.openqa.selenium.StaleElementReferenceException -->
          <reporter-output>
          </reporter-output>
        </test-method> <!-- commentpost -->
        <test-method is-config="true" signature="terminateDriver()[pri:0, instance:com.test.ProfilePageTest@4d63b624]" started-at="2022-11-19T10:48:26 IST" name="terminateDriver" finished-at="2022-11-19T10:48:29 IST" duration-ms="3146" status="PASS">
          <reporter-output>
          </reporter-output>
        </test-method> <!-- terminateDriver -->
        <test-method is-config="true" signature="triggerDriver()[pri:0, instance:com.test.ProfilePageTest@4d63b624]" started-at="2022-11-19T10:48:29 IST" name="triggerDriver" finished-at="2022-11-19T10:48:34 IST" duration-ms="4054" status="PASS">
          <reporter-output>
          </reporter-output>
        </test-method> <!-- triggerDriver -->
        <test-method signature="likePost()[pri:0, instance:com.test.ProfilePageTest@4d63b624]" started-at="2022-11-19T10:48:34 IST" name="likePost" finished-at="2022-11-19T10:49:10 IST" duration-ms="36693" status="PASS">
          <reporter-output>
          </reporter-output>
        </test-method> <!-- likePost -->
        <test-method is-config="true" signature="terminateDriver()[pri:0, instance:com.test.ProfilePageTest@4d63b624]" started-at="2022-11-19T10:49:10 IST" name="terminateDriver" finished-at="2022-11-19T10:49:13 IST" duration-ms="3192" status="PASS">
          <reporter-output>
          </reporter-output>
        </test-method> <!-- terminateDriver -->
      </class> <!-- com.test.ProfilePageTest -->
    </test> <!-- Test -->
  </suite> <!-- Suite -->
</testng-results>
